<?xml version="1.0" encoding="UTF-8"?>
<!-- Generated by org.testng.reporters.JUnitReportReporter -->
<testsuite hostname="usa0300vm3739" failures="0" tests="2" name="API_Tests.DynamicJson_LibraryAPI" time="4.719" errors="0" timestamp="2025-07-08T03:25:42 EDT" skipped="0">
  <testcase classname="API_Tests.DynamicJson_LibraryAPI" name="addBookToLibrary" time="4.009"/>
  <system-out/>
  <testcase classname="API_Tests.DynamicJson_LibraryAPI" name="addBookToLibrary" time="0.710"/>
  <system-out/>
</testsuite> <!-- API_Tests.DynamicJson_LibraryAPI -->
